ASxxxx Assembler V02.00 + NoICE + SDCC mods  (Zilog Z80 / Hitachi HD64180), page 1.
Hexadecimal [16-Bits]



                              1 ;;
                              2 ;; File assets/maps/fin.tmx converted to csv using cpct_tmx2data [Sat Jan 28 11:50:09 2023]
                              3 ;;   * Visible Layers:  1
                              4 ;;   * Layer Width:     20
                              5 ;;   * Layer Height:    25
                              6 ;;   * Bits per tile:   8
                              7 ;;   * Layer Bytes:     500 (20 x 25 items, 8 bits per item)
                              8 ;;   * Total Bytes:     500 (500 x 1, bytes per layer times layers)
                              9 ;;
                             10 
                             11 ;;#### Converted layer tilemaps ####
                             12 ;;   Visible layers: 1
                             13 ;;
                             14 ;;   Array 'end' size: 500
   0000                      15 _end::
   0000 11 0B 0B 0B 0B 0B    16   .db 0x11,0x0b,0x0b,0x0b,0x0b,0x0b,0x12,0x01,0x01,0x01,0x01,0x01,0x01,0x01,0x01,0x01,0x01,0x01,0x01,0x01
        12 01 01 01 01 01
        01 01 01 01 01 01
        01 01
   0014 09 00 00 00 00 00    17   .db 0x09,0x00,0x00,0x00,0x00,0x00,0x08,0x01,0x01,0x01,0x01,0x01,0x01,0x01,0x01,0x01,0x01,0x01,0x01,0x01
        08 01 01 01 01 01
        01 01 01 01 01 01
        01 01
   0028 09 00 00 00 00 00    18   .db 0x09,0x00,0x00,0x00,0x00,0x00,0x08,0x01,0x01,0x01,0x01,0x01,0x01,0x01,0x01,0x01,0x01,0x01,0x01,0x01
        08 01 01 01 01 01
        01 01 01 01 01 01
        01 01
   003C 09 00 00 00 00 00    19   .db 0x09,0x00,0x00,0x00,0x00,0x00,0x08,0x01,0x01,0x01,0x01,0x01,0x01,0x01,0x01,0x01,0x01,0x01,0x01,0x01
        08 01 01 01 01 01
        01 01 01 01 01 01
        01 01
   0050 09 00 00 00 00 00    20   .db 0x09,0x00,0x00,0x00,0x00,0x00,0x08,0x01,0x01,0x01,0x01,0x01,0x01,0x01,0x01,0x01,0x01,0x01,0x01,0x01
        08 01 01 01 01 01
        01 01 01 01 01 01
        01 01
   0064 10 0A 18 00 00 00    21   .db 0x10,0x0a,0x18,0x00,0x00,0x00,0x08,0x2b,0x23,0x3b,0x01,0x33,0x01,0x01,0x43,0x01,0x33,0x23,0x43,0x01
        08 2B 23 3B 01 33
        01 01 43 01 33 23
        43 01
   0078 01 01 09 00 00 00    22   .db 0x01,0x01,0x09,0x00,0x00,0x00,0x08,0x01,0x23,0x01,0x01,0x23,0x4c,0x4c,0x23,0x01,0x23,0x4c,0x4c,0x01
        08 01 23 01 01 23
        4C 4C 23 01 23 4C
        4C 01
   008C 01 01 09 00 00 00    23   .db 0x01,0x01,0x09,0x00,0x00,0x00,0x08,0x01,0x22,0x01,0x01,0x22,0x4d,0x4d,0x22,0x01,0x22,0x4d,0x4d,0x01
        08 01 22 01 01 22
        4D 4D 22 01 22 4D
        4D 01
   00A0 01 01 09 00 00 00    24   .db 0x01,0x01,0x09,0x00,0x00,0x00,0x08,0x01,0x22,0x01,0x01,0x2a,0x01,0x01,0x3a,0x01,0x2a,0x22,0x3a,0x01
        08 01 22 01 01 2A
        01 01 3A 01 2A 22
        3A 01
   00B4 01 01 09 00 00 00    25   .db 0x01,0x01,0x09,0x00,0x00,0x00,0x08,0x01,0x01,0x01,0x01,0x01,0x01,0x01,0x01,0x01,0x01,0x01,0x01,0x01
        08 01 01 01 01 01
        01 01 01 01 01 01
        01 01
ASxxxx Assembler V02.00 + NoICE + SDCC mods  (Zilog Z80 / Hitachi HD64180), page 2.
Hexadecimal [16-Bits]



   00C8 01 01 09 00 00 00    26   .db 0x01,0x01,0x09,0x00,0x00,0x00,0x08,0x01,0x01,0x01,0x01,0x01,0x01,0x01,0x01,0x01,0x01,0x01,0x01,0x01
        08 01 01 01 01 01
        01 01 01 01 01 01
        01 01
   00DC 01 01 09 00 00 00    27   .db 0x01,0x01,0x09,0x00,0x00,0x00,0x08,0x33,0x23,0x43,0x01,0x33,0x3c,0x01,0x43,0x01,0x23,0x23,0x43,0x01
        08 33 23 43 01 33
        3C 01 43 01 23 23
        43 01
   00F0 01 01 09 00 00 00    28   .db 0x01,0x01,0x09,0x00,0x00,0x00,0x08,0x23,0x4c,0x4c,0x01,0x23,0x23,0x3c,0x23,0x01,0x23,0x01,0x23,0x01
        08 23 4C 4C 01 23
        23 3C 23 01 23 01
        23 01
   0104 01 01 09 00 00 00    29   .db 0x01,0x01,0x09,0x00,0x00,0x00,0x08,0x22,0x4d,0x4d,0x01,0x22,0x44,0x22,0x22,0x01,0x22,0x01,0x22,0x01
        08 22 4D 4D 01 22
        44 22 22 01 22 01
        22 01
   0118 01 01 09 00 00 00    30   .db 0x01,0x01,0x09,0x00,0x00,0x00,0x08,0x2a,0x22,0x3a,0x01,0x2a,0x01,0x44,0x3a,0x01,0x22,0x22,0x3a,0x01
        08 2A 22 3A 01 2A
        01 44 3A 01 22 22
        3A 01
   012C 01 01 09 00 00 00    31   .db 0x01,0x01,0x09,0x00,0x00,0x00,0x08,0x01,0x01,0x01,0x01,0x01,0x01,0x01,0x01,0x01,0x01,0x01,0x01,0x01
        08 01 01 01 01 01
        01 01 01 01 01 01
        01 01
   0140 01 01 09 00 00 00    32   .db 0x01,0x01,0x09,0x00,0x00,0x00,0x08,0x01,0x11,0x0b,0x0b,0x0b,0x0b,0x0b,0x0b,0x0b,0x0b,0x0b,0x0b,0x12
        08 01 11 0B 0B 0B
        0B 0B 0B 0B 0B 0B
        0B 12
   0154 01 01 09 00 00 00    33   .db 0x01,0x01,0x09,0x00,0x00,0x00,0x08,0x01,0x09,0x00,0x00,0x00,0x00,0x00,0x00,0x00,0x00,0x00,0x00,0x08
        08 01 09 00 00 00
        00 00 00 00 00 00
        00 08
   0168 01 01 09 00 00 00    34   .db 0x01,0x01,0x09,0x00,0x00,0x00,0x08,0x01,0x09,0x00,0x00,0x00,0x00,0x00,0x00,0x00,0x00,0x00,0x00,0x08
        08 01 09 00 00 00
        00 00 00 00 00 00
        00 08
   017C 01 01 09 00 00 00    35   .db 0x01,0x01,0x09,0x00,0x00,0x00,0x1a,0x0b,0x19,0x00,0x00,0x00,0x00,0x00,0x00,0x00,0x00,0x00,0x00,0x08
        1A 0B 19 00 00 00
        00 00 00 00 00 00
        00 08
   0190 01 01 09 00 00 00    36   .db 0x01,0x01,0x09,0x00,0x00,0x00,0x00,0x00,0x00,0x00,0x00,0x00,0x00,0x00,0x00,0x00,0x00,0x00,0x00,0x08
        00 00 00 00 00 00
        00 00 00 00 00 00
        00 08
   01A4 01 01 09 00 00 00    37   .db 0x01,0x01,0x09,0x00,0x00,0x00,0x00,0x00,0x00,0x00,0x00,0x00,0x00,0x00,0x00,0x00,0x00,0x00,0x00,0x08
        00 00 00 00 00 00
        00 00 00 00 00 00
        00 08
   01B8 01 01 09 00 00 00    38   .db 0x01,0x01,0x09,0x00,0x00,0x00,0x00,0x00,0x00,0x00,0x00,0x00,0x00,0x00,0x00,0x00,0x00,0x00,0x00,0x08
        00 00 00 00 00 00
        00 00 00 00 00 00
        00 08
   01CC 01 01 09 00 00 00    39   .db 0x01,0x01,0x09,0x00,0x00,0x00,0x1b,0x0a,0x0a,0x0a,0x0a,0x0a,0x0a,0x0a,0x0a,0x0a,0x0a,0x0a,0x0a,0x13
        1B 0A 0A 0A 0A 0A
        0A 0A 0A 0A 0A 0A
ASxxxx Assembler V02.00 + NoICE + SDCC mods  (Zilog Z80 / Hitachi HD64180), page 3.
Hexadecimal [16-Bits]



        0A 13
   01E0 01 01 10 0A 0A 0A    40   .db 0x01,0x01,0x10,0x0a,0x0a,0x0a,0x13,0x01,0x01,0x01,0x01,0x01,0x01,0x01,0x01,0x01,0x01,0x01,0x01,0x01
        13 01 01 01 01 01
        01 01 01 01 01 01
        01 01
