ASxxxx Assembler V02.00 + NoICE + SDCC mods  (Zilog Z80 / Hitachi HD64180), page 1.
Hexadecimal [16-Bits]



                              1 ;;
                              2 ;; File assets/maps/intro.tmx converted to csv using cpct_tmx2data [Sat Jan 28 11:50:13 2023]
                              3 ;;   * Visible Layers:  1
                              4 ;;   * Layer Width:     20
                              5 ;;   * Layer Height:    25
                              6 ;;   * Bits per tile:   8
                              7 ;;   * Layer Bytes:     500 (20 x 25 items, 8 bits per item)
                              8 ;;   * Total Bytes:     500 (500 x 1, bytes per layer times layers)
                              9 ;;
                             10 
                             11 ;;#### Converted layer tilemaps ####
                             12 ;;   Visible layers: 1
                             13 ;;
                             14 ;;   Array 'intro' size: 500
   0000                      15 _intro::
   0000 01 01 01 01 01 01    16   .db 0x01,0x01,0x01,0x01,0x01,0x01,0x01,0x01,0x01,0x01,0x01,0x01,0x01,0x01,0x01,0x01,0x01,0x01,0x01,0x01
        01 01 01 01 01 01
        01 01 01 01 01 01
        01 01
   0014 01 01 01 33 23 3B    17   .db 0x01,0x01,0x01,0x33,0x23,0x3b,0x33,0x23,0x23,0x43,0x2b,0x23,0x3b,0x33,0x3c,0x01,0x43,0x01,0x01,0x01
        33 23 23 43 2B 23
        3B 33 3C 01 43 01
        01 01
   0028 01 01 01 23 01 01    18   .db 0x01,0x01,0x01,0x23,0x01,0x01,0x23,0x01,0x01,0x23,0x01,0x23,0x01,0x23,0x23,0x3c,0x23,0x01,0x01,0x01
        23 01 01 23 01 23
        01 23 23 3C 23 01
        01 01
   003C 01 01 01 22 01 01    19   .db 0x01,0x01,0x01,0x22,0x01,0x01,0x22,0x01,0x01,0x22,0x01,0x22,0x01,0x22,0x44,0x22,0x22,0x01,0x01,0x01
        22 01 01 22 01 22
        01 22 44 22 22 01
        01 01
   0050 01 01 01 2A 22 42    20   .db 0x01,0x01,0x01,0x2a,0x22,0x42,0x2a,0x22,0x22,0x3a,0x32,0x22,0x42,0x2a,0x01,0x44,0x3a,0x01,0x01,0x01
        2A 22 22 3A 32 22
        42 2A 01 44 3A 01
        01 01
   0064 01 01 01 01 01 01    21   .db 0x01,0x01,0x01,0x01,0x01,0x01,0x01,0x01,0x01,0x01,0x01,0x01,0x01,0x01,0x01,0x01,0x01,0x01,0x01,0x01
        01 01 01 01 01 01
        01 01 01 01 01 01
        01 01
   0078 01 01 01 01 01 01    22   .db 0x01,0x01,0x01,0x01,0x01,0x01,0x01,0x01,0x01,0x01,0x01,0x01,0x01,0x01,0x01,0x01,0x01,0x01,0x01,0x01
        01 01 01 01 01 01
        01 01 01 01 01 01
        01 01
   008C 29 21 39 01 01 31    23   .db 0x29,0x21,0x39,0x01,0x01,0x31,0x01,0x01,0x41,0x01,0x01,0x31,0x41,0x31,0x41,0x01,0x01,0x31,0x21,0x41
        01 01 41 01 01 31
        41 31 41 01 01 31
        21 41
   00A0 01 21 01 01 01 21    24   .db 0x01,0x21,0x01,0x01,0x01,0x21,0x01,0x01,0x21,0x01,0x01,0x21,0x29,0x39,0x21,0x01,0x01,0x21,0x21,0x39
        01 01 21 01 01 21
        29 39 21 01 01 21
        21 39
   00B4 01 20 01 01 01 20    25   .db 0x01,0x20,0x01,0x01,0x01,0x20,0x01,0x01,0x20,0x01,0x01,0x20,0x01,0x01,0x20,0x01,0x01,0x20,0x01,0x01
        01 01 20 01 01 20
        01 01 20 01 01 20
        01 01
ASxxxx Assembler V02.00 + NoICE + SDCC mods  (Zilog Z80 / Hitachi HD64180), page 2.
Hexadecimal [16-Bits]



   00C8 28 38 01 01 01 28    26   .db 0x28,0x38,0x01,0x01,0x01,0x28,0x20,0x20,0x38,0x01,0x01,0x28,0x01,0x01,0x38,0x01,0x01,0x28,0x01,0x01
        20 20 38 01 01 28
        01 01 38 01 01 28
        01 01
   00DC 01 01 01 01 01 01    27   .db 0x01,0x01,0x01,0x01,0x01,0x01,0x01,0x01,0x01,0x01,0x01,0x01,0x01,0x01,0x01,0x01,0x01,0x01,0x01,0x01
        01 01 01 01 01 01
        01 01 01 01 01 01
        01 01
   00F0 01 01 01 01 01 01    28   .db 0x01,0x01,0x01,0x01,0x01,0x01,0x01,0x01,0x01,0x01,0x01,0x01,0x01,0x01,0x01,0x01,0x01,0x01,0x01,0x01
        01 01 01 01 01 01
        01 01 01 01 01 01
        01 01
   0104 01 01 01 01 01 01    29   .db 0x01,0x01,0x01,0x01,0x01,0x01,0x01,0x01,0x01,0x01,0x01,0x01,0x01,0x01,0x01,0x01,0x01,0x01,0x01,0x01
        01 01 01 01 01 01
        01 01 01 01 01 01
        01 01
   0118 01 01 01 01 01 01    30   .db 0x01,0x01,0x01,0x01,0x01,0x01,0x01,0x01,0x01,0x01,0x01,0x01,0x01,0x01,0x01,0x01,0x01,0x01,0x01,0x01
        01 01 01 01 01 01
        01 01 01 01 01 01
        01 01
   012C 11 0B 0B 0B 0B 0B    31   .db 0x11,0x0b,0x0b,0x0b,0x0b,0x0b,0x0b,0x0b,0x0b,0x0b,0x0b,0x0b,0x0b,0x0b,0x0b,0x0b,0x0b,0x0b,0x0b,0x12
        0B 0B 0B 0B 0B 0B
        0B 0B 0B 0B 0B 0B
        0B 12
   0140 09 00 00 00 00 00    32   .db 0x09,0x00,0x00,0x00,0x00,0x00,0x00,0x00,0x00,0x00,0x00,0x00,0x00,0x00,0x00,0x00,0x00,0x00,0x00,0x08
        00 00 00 00 00 00
        00 00 00 00 00 00
        00 08
   0154 09 00 00 00 00 00    33   .db 0x09,0x00,0x00,0x00,0x00,0x00,0x00,0x00,0x00,0x00,0x00,0x00,0x00,0x00,0x00,0x00,0x00,0x00,0x00,0x08
        00 00 00 00 00 00
        00 00 00 00 00 00
        00 08
   0168 09 00 00 00 00 00    34   .db 0x09,0x00,0x00,0x00,0x00,0x00,0x00,0x00,0x00,0x00,0x00,0x00,0x00,0x00,0x00,0x00,0x00,0x00,0x00,0x08
        00 00 00 00 00 00
        00 00 00 00 00 00
        00 08
   017C 09 00 00 00 00 00    35   .db 0x09,0x00,0x00,0x00,0x00,0x00,0x00,0x00,0x00,0x00,0x00,0x00,0x00,0x00,0x00,0x00,0x00,0x00,0x00,0x08
        00 00 00 00 00 00
        00 00 00 00 00 00
        00 08
   0190 09 00 00 00 00 00    36   .db 0x09,0x00,0x00,0x00,0x00,0x00,0x00,0x00,0x00,0x00,0x00,0x00,0x00,0x00,0x00,0x00,0x00,0x00,0x00,0x08
        00 00 00 00 00 00
        00 00 00 00 00 00
        00 08
   01A4 09 00 00 00 00 00    37   .db 0x09,0x00,0x00,0x00,0x00,0x00,0x00,0x00,0x00,0x00,0x00,0x00,0x00,0x00,0x00,0x00,0x00,0x00,0x00,0x08
        00 00 00 00 00 00
        00 00 00 00 00 00
        00 08
   01B8 09 00 00 00 00 00    38   .db 0x09,0x00,0x00,0x00,0x00,0x00,0x00,0x00,0x00,0x00,0x00,0x00,0x00,0x00,0x00,0x00,0x00,0x00,0x00,0x08
        00 00 00 00 00 00
        00 00 00 00 00 00
        00 08
   01CC 09 00 00 00 00 00    39   .db 0x09,0x00,0x00,0x00,0x00,0x00,0x00,0x00,0x00,0x00,0x00,0x00,0x00,0x00,0x00,0x00,0x00,0x00,0x00,0x08
        00 00 00 00 00 00
        00 00 00 00 00 00
ASxxxx Assembler V02.00 + NoICE + SDCC mods  (Zilog Z80 / Hitachi HD64180), page 3.
Hexadecimal [16-Bits]



        00 08
   01E0 10 0A 0A 0A 0A 0A    40   .db 0x10,0x0a,0x0a,0x0a,0x0a,0x0a,0x0a,0x0a,0x0a,0x0a,0x0a,0x0a,0x0a,0x0a,0x0a,0x0a,0x0a,0x0a,0x0a,0x13
        0A 0A 0A 0A 0A 0A
        0A 0A 0A 0A 0A 0A
        0A 13
