ASxxxx Assembler V02.00 + NoICE + SDCC mods  (Zilog Z80 / Hitachi HD64180), page 1.
Hexadecimal [16-Bits]



                              1 ;;
                              2 ;; File assets/maps/mapa1_@Ianixaa.tmx converted to csv using cpct_tmx2data [Sat Jan 28 11:50:11 2023]
                              3 ;;   * Visible Layers:  1
                              4 ;;   * Layer Width:     20
                              5 ;;   * Layer Height:    25
                              6 ;;   * Bits per tile:   8
                              7 ;;   * Layer Bytes:     500 (20 x 25 items, 8 bits per item)
                              8 ;;   * Total Bytes:     500 (500 x 1, bytes per layer times layers)
                              9 ;;
                             10 
                             11 ;;#### Converted layer tilemaps ####
                             12 ;;   Visible layers: 1
                             13 ;;
                             14 ;;   Array 'level1_Ianixaa' size: 500
   0000                      15 _level1_Ianixaa::
   0000 11 0B 0B 0B 0B 0B    16   .db 0x11,0x0b,0x0b,0x0b,0x0b,0x0b,0x0b,0x0b,0x0b,0x0b,0x0b,0x0b,0x0b,0x0b,0x0b,0x0b,0x0b,0x0b,0x0b,0x12
        0B 0B 0B 0B 0B 0B
        0B 0B 0B 0B 0B 0B
        0B 12
   0014 09 00 00 00 00 00    17   .db 0x09,0x00,0x00,0x00,0x00,0x00,0x00,0x00,0x00,0x00,0x00,0x00,0x00,0x00,0x00,0x00,0x00,0x00,0x00,0x08
        00 00 00 00 00 00
        00 00 00 00 00 00
        00 08
   0028 09 00 00 00 00 00    18   .db 0x09,0x00,0x00,0x00,0x00,0x00,0x00,0x00,0x00,0x00,0x00,0x00,0x00,0x00,0x00,0x00,0x00,0x00,0x00,0x08
        00 00 00 00 00 00
        00 00 00 00 00 00
        00 08
   003C 09 00 00 00 00 00    19   .db 0x09,0x00,0x00,0x00,0x00,0x00,0x00,0x00,0x00,0x00,0x00,0x00,0x00,0x00,0x00,0x00,0x00,0x00,0x00,0x08
        00 00 00 00 00 00
        00 00 00 00 00 00
        00 08
   0050 09 00 00 00 00 00    20   .db 0x09,0x00,0x00,0x00,0x00,0x00,0x00,0x00,0x00,0x00,0x00,0x00,0x00,0x00,0x00,0x00,0x00,0x00,0x00,0x08
        00 00 00 00 00 00
        00 00 00 00 00 00
        00 08
   0064 09 00 00 00 00 00    21   .db 0x09,0x00,0x00,0x00,0x00,0x00,0x00,0x00,0x00,0x00,0x00,0x00,0x00,0x00,0x00,0x00,0x00,0x00,0x00,0x08
        00 00 00 00 00 00
        00 00 00 00 00 00
        00 08
   0078 09 00 00 00 00 00    22   .db 0x09,0x00,0x00,0x00,0x00,0x00,0x00,0x00,0x00,0x00,0x00,0x00,0x00,0x00,0x00,0x00,0x00,0x00,0x00,0x08
        00 00 00 00 00 00
        00 00 00 00 00 00
        00 08
   008C 09 00 00 00 00 00    23   .db 0x09,0x00,0x00,0x00,0x00,0x00,0x00,0x00,0x00,0x00,0x00,0x00,0x00,0x00,0x00,0x00,0x00,0x00,0x00,0x08
        00 00 00 00 00 00
        00 00 00 00 00 00
        00 08
   00A0 09 00 00 00 00 00    24   .db 0x09,0x00,0x00,0x00,0x00,0x00,0x00,0x00,0x00,0x00,0x00,0x00,0x00,0x00,0x00,0x00,0x00,0x00,0x00,0x08
        00 00 00 00 00 00
        00 00 00 00 00 00
        00 08
   00B4 09 00 00 00 00 00    25   .db 0x09,0x00,0x00,0x00,0x00,0x00,0x00,0x00,0x00,0x00,0x00,0x00,0x00,0x00,0x00,0x00,0x00,0x00,0x00,0x08
        00 00 00 00 00 00
        00 00 00 00 00 00
        00 08
ASxxxx Assembler V02.00 + NoICE + SDCC mods  (Zilog Z80 / Hitachi HD64180), page 2.
Hexadecimal [16-Bits]



   00C8 09 00 00 00 00 00    26   .db 0x09,0x00,0x00,0x00,0x00,0x00,0x00,0x00,0x00,0x00,0x00,0x00,0x00,0x00,0x00,0x00,0x00,0x00,0x00,0x08
        00 00 00 00 00 00
        00 00 00 00 00 00
        00 08
   00DC 09 00 00 00 00 00    27   .db 0x09,0x00,0x00,0x00,0x00,0x00,0x00,0x00,0x00,0x00,0x00,0x00,0x00,0x00,0x00,0x00,0x00,0x00,0x00,0x08
        00 00 00 00 00 00
        00 00 00 00 00 00
        00 08
   00F0 09 00 00 00 00 00    28   .db 0x09,0x00,0x00,0x00,0x00,0x00,0x00,0x00,0x00,0x00,0x00,0x00,0x00,0x00,0x00,0x00,0x00,0x00,0x00,0x08
        00 00 00 00 00 00
        00 00 00 00 00 00
        00 08
   0104 09 00 00 00 00 00    29   .db 0x09,0x00,0x00,0x00,0x00,0x00,0x00,0x00,0x00,0x00,0x00,0x00,0x00,0x00,0x00,0x00,0x00,0x00,0x00,0x08
        00 00 00 00 00 00
        00 00 00 00 00 00
        00 08
   0118 09 00 00 00 00 00    30   .db 0x09,0x00,0x00,0x00,0x00,0x00,0x00,0x00,0x00,0x00,0x00,0x00,0x00,0x00,0x00,0x00,0x00,0x00,0x00,0x08
        00 00 00 00 00 00
        00 00 00 00 00 00
        00 08
   012C 09 00 00 00 00 00    31   .db 0x09,0x00,0x00,0x00,0x00,0x00,0x00,0x00,0x00,0x00,0x00,0x00,0x00,0x00,0x00,0x00,0x00,0x00,0x00,0x08
        00 00 00 00 00 00
        00 00 00 00 00 00
        00 08
   0140 09 00 00 00 00 00    32   .db 0x09,0x00,0x00,0x00,0x00,0x00,0x00,0x00,0x00,0x00,0x00,0x00,0x00,0x00,0x00,0x00,0x00,0x00,0x00,0x08
        00 00 00 00 00 00
        00 00 00 00 00 00
        00 08
   0154 09 00 00 00 00 00    33   .db 0x09,0x00,0x00,0x00,0x00,0x00,0x00,0x00,0x00,0x00,0x00,0x00,0x00,0x00,0x00,0x00,0x00,0x00,0x00,0x08
        00 00 00 00 00 00
        00 00 00 00 00 00
        00 08
   0168 09 00 00 00 00 00    34   .db 0x09,0x00,0x00,0x00,0x00,0x00,0x00,0x00,0x00,0x00,0x00,0x00,0x00,0x00,0x00,0x00,0x00,0x00,0x00,0x08
        00 00 00 00 00 00
        00 00 00 00 00 00
        00 08
   017C 09 00 00 00 00 00    35   .db 0x09,0x00,0x00,0x00,0x00,0x00,0x00,0x00,0x00,0x00,0x00,0x00,0x00,0x00,0x00,0x00,0x00,0x00,0x00,0x08
        00 00 00 00 00 00
        00 00 00 00 00 00
        00 08
   0190 09 00 00 00 00 00    36   .db 0x09,0x00,0x00,0x00,0x00,0x00,0x00,0x00,0x00,0x00,0x00,0x00,0x00,0x00,0x00,0x00,0x00,0x00,0x00,0x08
        00 00 00 00 00 00
        00 00 00 00 00 00
        00 08
   01A4 09 00 00 00 00 00    37   .db 0x09,0x00,0x00,0x00,0x00,0x00,0x00,0x00,0x00,0x00,0x00,0x00,0x00,0x00,0x00,0x00,0x00,0x00,0x00,0x08
        00 00 00 00 00 00
        00 00 00 00 00 00
        00 08
   01B8 09 00 00 1B 18 00    38   .db 0x09,0x00,0x00,0x1b,0x18,0x00,0x00,0x1b,0x18,0x00,0x00,0x00,0x1b,0x18,0x00,0x00,0x00,0x00,0x00,0x08
        00 1B 18 00 00 00
        1B 18 00 00 00 00
        00 08
   01CC 09 00 00 08 09 00    39   .db 0x09,0x00,0x00,0x08,0x09,0x00,0x00,0x08,0x10,0x0a,0x0a,0x0a,0x13,0x09,0x00,0x00,0x00,0x00,0x00,0x08
        00 08 10 0A 0A 0A
        13 09 00 00 00 00
ASxxxx Assembler V02.00 + NoICE + SDCC mods  (Zilog Z80 / Hitachi HD64180), page 3.
Hexadecimal [16-Bits]



        00 08
   01E0 10 0A 0A 13 10 0A    40   .db 0x10,0x0a,0x0a,0x13,0x10,0x0a,0x0a,0x13,0x01,0x01,0x01,0x01,0x01,0x10,0x0a,0x0a,0x0a,0x0a,0x0a,0x13
        0A 13 01 01 01 01
        01 10 0A 0A 0A 0A
        0A 13
