ASxxxx Assembler V02.00 + NoICE + SDCC mods  (Zilog Z80 / Hitachi HD64180), page 1.
Hexadecimal [16-Bits]



                              1 ;;
                              2 ;; File assets/maps/mapa_@MT_Studios_UA.tmx converted to csv using cpct_tmx2data [Sat Jan 28 11:50:12 2023]
                              3 ;;   * Visible Layers:  1
                              4 ;;   * Layer Width:     20
                              5 ;;   * Layer Height:    25
                              6 ;;   * Bits per tile:   8
                              7 ;;   * Layer Bytes:     500 (20 x 25 items, 8 bits per item)
                              8 ;;   * Total Bytes:     500 (500 x 1, bytes per layer times layers)
                              9 ;;
                             10 ;;#### Width and height constants ####
                     0014    11 _level_MT_Studios_UA_W = 20
                     0019    12 _level_MT_Studios_UA_H = 25
                             13 
                             14 ;;#### Converted layer tilemaps ####
                             15 ;;   Visible layers: 1
                             16 ;;
                             17 .globl _level_MT_Studios_UA
                     01F4    18 _level_MT_Studios_UA_SIZE = 500
