ASxxxx Assembler V02.00 + NoICE + SDCC mods  (Zilog Z80 / Hitachi HD64180), page 1.
Hexadecimal [16-Bits]



                              1 ;;
                              2 ;; File assets/maps/mapa_@rnd_project22.tmx converted to csv using cpct_tmx2data [Sat Jan 28 11:50:10 2023]
                              3 ;;   * Visible Layers:  1
                              4 ;;   * Layer Width:     20
                              5 ;;   * Layer Height:    25
                              6 ;;   * Bits per tile:   8
                              7 ;;   * Layer Bytes:     500 (20 x 25 items, 8 bits per item)
                              8 ;;   * Total Bytes:     500 (500 x 1, bytes per layer times layers)
                              9 ;;
                             10 
                             11 ;;#### Converted layer tilemaps ####
                             12 ;;   Visible layers: 1
                             13 ;;
                             14 ;;   Array 'level_rnd_project22' size: 500
   0000                      15 _level_rnd_project22::
   0000 11 0B 0B 0B 0B 0B    16   .db 0x11,0x0b,0x0b,0x0b,0x0b,0x0b,0x0b,0x0b,0x0b,0x0f,0x0b,0x0b,0x0b,0x0b,0x0b,0x0b,0x0b,0x0b,0x0b,0x12
        0B 0B 0B 0F 0B 0B
        0B 0B 0B 0B 0B 0B
        0B 12
   0014 09 00 00 00 00 00    17   .db 0x09,0x00,0x00,0x00,0x00,0x00,0x00,0x00,0x00,0x34,0x00,0x00,0x00,0x00,0x00,0x00,0x00,0x00,0x00,0x08
        00 00 00 34 00 00
        00 00 00 00 00 00
        00 08
   0028 09 00 00 00 00 00    18   .db 0x09,0x00,0x00,0x00,0x00,0x00,0x00,0x00,0x00,0x34,0x00,0x00,0x00,0x00,0x00,0x00,0x00,0x00,0x00,0x08
        00 00 00 34 00 00
        00 00 00 00 00 00
        00 08
   003C 09 00 00 00 00 00    19   .db 0x09,0x00,0x00,0x00,0x00,0x00,0x00,0x00,0x00,0x34,0x00,0x00,0x00,0x00,0x00,0x00,0x00,0x00,0x00,0x08
        00 00 00 34 00 00
        00 00 00 00 00 00
        00 08
   0050 09 00 00 00 00 00    20   .db 0x09,0x00,0x00,0x00,0x00,0x00,0x00,0x00,0x00,0x34,0x00,0x00,0x00,0x00,0x00,0x14,0x15,0x00,0x00,0x08
        00 00 00 34 00 00
        00 00 00 14 15 00
        00 08
   0064 07 2C 2C 24 00 00    21   .db 0x07,0x2c,0x2c,0x24,0x00,0x00,0x00,0x00,0x00,0x34,0x00,0x00,0x00,0x00,0x00,0x00,0x34,0x00,0x00,0x08
        00 00 00 34 00 00
        00 00 00 00 34 00
        00 08
   0078 09 00 00 00 1B 18    22   .db 0x09,0x00,0x00,0x00,0x1b,0x18,0x00,0x00,0x00,0x34,0x00,0x04,0x00,0x00,0x00,0x00,0x34,0x00,0x00,0x08
        00 00 00 34 00 04
        00 00 00 00 34 00
        00 08
   008C 09 00 00 00 08 09    23   .db 0x09,0x00,0x00,0x00,0x08,0x09,0x00,0x00,0x00,0x1c,0x00,0x00,0x00,0x00,0x00,0x00,0x34,0x00,0x00,0x08
        00 00 00 1C 00 00
        00 00 00 00 34 00
        00 08
   00A0 09 00 00 00 08 09    24   .db 0x09,0x00,0x00,0x00,0x08,0x09,0x00,0x00,0x00,0x00,0x00,0x00,0x00,0x00,0x00,0x00,0x34,0x00,0x00,0x08
        00 00 00 00 00 00
        00 00 00 00 34 00
        00 08
   00B4 07 24 00 00 08 09    25   .db 0x07,0x24,0x00,0x00,0x08,0x09,0x00,0x00,0x00,0x00,0x00,0x00,0x00,0x00,0x04,0x00,0x34,0x00,0x00,0x08
        00 00 00 00 00 00
        00 00 04 00 34 00
        00 08
ASxxxx Assembler V02.00 + NoICE + SDCC mods  (Zilog Z80 / Hitachi HD64180), page 2.
Hexadecimal [16-Bits]



   00C8 09 00 00 00 08 09    26   .db 0x09,0x00,0x00,0x00,0x08,0x09,0x00,0x00,0x00,0x00,0x00,0x00,0x00,0x00,0x00,0x00,0x34,0x00,0x14,0x17
        00 00 00 00 00 00
        00 00 00 00 34 00
        14 17
   00DC 09 00 00 00 08 09    27   .db 0x09,0x00,0x00,0x00,0x08,0x09,0x00,0x00,0x00,0x00,0x00,0x00,0x00,0x00,0x00,0x00,0x34,0x00,0x00,0x08
        00 00 00 00 00 00
        00 00 00 00 34 00
        00 08
   00F0 09 00 00 00 08 07    28   .db 0x09,0x00,0x00,0x00,0x08,0x07,0x2c,0x2c,0x2c,0x2c,0x2c,0x2c,0x2c,0x2c,0x2c,0x2c,0x05,0x00,0x00,0x08
        2C 2C 2C 2C 2C 2C
        2C 2C 2C 2C 05 00
        00 08
   0104 09 00 00 14 17 09    29   .db 0x09,0x00,0x00,0x14,0x17,0x09,0x00,0x00,0x00,0x00,0x00,0x00,0x00,0x00,0x00,0x00,0x00,0x00,0x00,0x08
        00 00 00 00 00 00
        00 00 00 00 00 00
        00 08
   0118 09 00 00 00 08 09    30   .db 0x09,0x00,0x00,0x00,0x08,0x09,0x00,0x00,0x00,0x00,0x00,0x00,0x00,0x00,0x00,0x00,0x00,0x00,0x00,0x08
        00 00 00 00 00 00
        00 00 00 00 00 00
        00 08
   012C 09 00 00 00 08 09    31   .db 0x09,0x00,0x00,0x00,0x08,0x09,0x00,0x00,0x00,0x00,0x00,0x00,0x00,0x00,0x00,0x00,0x00,0x00,0x00,0x08
        00 00 00 00 00 00
        00 00 00 00 00 00
        00 08
   0140 09 00 00 00 1A 19    32   .db 0x09,0x00,0x00,0x00,0x1a,0x19,0x00,0x00,0x00,0x00,0x00,0x00,0x00,0x00,0x00,0x00,0x00,0x00,0x00,0x08
        00 00 00 00 00 00
        00 00 00 00 00 00
        00 08
   0154 07 24 00 00 00 00    33   .db 0x07,0x24,0x00,0x00,0x00,0x00,0x00,0x00,0x00,0x00,0x00,0x00,0x00,0x00,0x00,0x00,0x00,0x00,0x00,0x08
        00 00 00 00 00 00
        00 00 00 00 00 00
        00 08
   0168 09 00 00 00 00 00    34   .db 0x09,0x00,0x00,0x00,0x00,0x00,0x00,0x00,0x00,0x04,0x00,0x00,0x00,0x00,0x00,0x00,0x00,0x00,0x00,0x08
        00 00 00 04 00 00
        00 00 00 00 00 00
        00 08
   017C 09 00 00 00 00 00    35   .db 0x09,0x00,0x00,0x00,0x00,0x00,0x00,0x00,0x00,0x00,0x00,0x00,0x00,0x00,0x00,0x04,0x00,0x00,0x00,0x08
        00 00 00 00 00 00
        00 00 00 04 00 00
        00 08
   0190 09 00 00 00 00 00    36   .db 0x09,0x00,0x00,0x00,0x00,0x00,0x00,0x00,0x00,0x00,0x00,0x00,0x00,0x00,0x00,0x00,0x00,0x00,0x00,0x08
        00 00 00 00 00 00
        00 00 00 00 00 00
        00 08
   01A4 09 00 00 00 04 00    37   .db 0x09,0x00,0x00,0x00,0x04,0x00,0x00,0x00,0x00,0x00,0x00,0x00,0x00,0x00,0x00,0x00,0x00,0x00,0x00,0x08
        00 00 00 00 00 00
        00 00 00 00 00 00
        00 08
   01B8 09 00 00 00 00 00    38   .db 0x09,0x00,0x00,0x00,0x00,0x00,0x00,0x0c,0x00,0x00,0x00,0x00,0x0c,0x00,0x00,0x00,0x00,0x00,0x00,0x08
        00 0C 00 00 00 00
        0C 00 00 00 00 00
        00 08
   01CC 09 00 00 00 00 00    39   .db 0x09,0x00,0x00,0x00,0x00,0x00,0x00,0x35,0x0a,0x0a,0x0a,0x0a,0x25,0x00,0x00,0x00,0x00,0x00,0x00,0x08
        00 35 0A 0A 0A 0A
        25 00 00 00 00 00
ASxxxx Assembler V02.00 + NoICE + SDCC mods  (Zilog Z80 / Hitachi HD64180), page 3.
Hexadecimal [16-Bits]



        00 08
   01E0 10 0A 0A 0A 0A 0A    40   .db 0x10,0x0a,0x0a,0x0a,0x0a,0x0a,0x0a,0x13,0x01,0x01,0x01,0x01,0x10,0x0a,0x0a,0x0a,0x0a,0x0a,0x0a,0x13
        0A 13 01 01 01 01
        10 0A 0A 0A 0A 0A
        0A 13
