                              1 ;--------------------------------------------------------
                              2 ; File Created by SDCC : free open source ANSI-C Compiler
                              3 ; Version 3.6.8 #9946 (Linux)
                              4 ;--------------------------------------------------------
                              5 	.module Animacion_player
                              6 	.optsdcc -mz80
                              7 	
                              8 ;--------------------------------------------------------
                              9 ; Public variables in this module
                             10 ;--------------------------------------------------------
                             11 	.globl _sp_player_6
                             12 	.globl _sp_player_5
                             13 	.globl _sp_player_4
                             14 	.globl _sp_player_3
                             15 	.globl _sp_player_2
                             16 	.globl _sp_player_1
                             17 	.globl _sp_player_0
                             18 ;--------------------------------------------------------
                             19 ; special function registers
                             20 ;--------------------------------------------------------
                             21 ;--------------------------------------------------------
                             22 ; ram data
                             23 ;--------------------------------------------------------
                             24 	.area _DATA
                             25 ;--------------------------------------------------------
                             26 ; ram data
                             27 ;--------------------------------------------------------
                             28 	.area _INITIALIZED
                             29 ;--------------------------------------------------------
                             30 ; absolute external ram data
                             31 ;--------------------------------------------------------
                             32 	.area _DABS (ABS)
                             33 ;--------------------------------------------------------
                             34 ; global & static initialisations
                             35 ;--------------------------------------------------------
                             36 	.area _HOME
                             37 	.area _GSINIT
                             38 	.area _GSFINAL
                             39 	.area _GSINIT
                             40 ;--------------------------------------------------------
                             41 ; Home
                             42 ;--------------------------------------------------------
                             43 	.area _HOME
                             44 	.area _HOME
                             45 ;--------------------------------------------------------
                             46 ; code
                             47 ;--------------------------------------------------------
                             48 	.area _CODE
                             49 	.area _CODE
   0000                      50 _sp_player_0:
   0000 00                   51 	.db #0x00	; 0
   0001 C0                   52 	.db #0xc0	; 192
   0002 C0                   53 	.db #0xc0	; 192
   0003 00                   54 	.db #0x00	; 0
   0004 40                   55 	.db #0x40	; 64
   0005 03                   56 	.db #0x03	; 3
   0006 03                   57 	.db #0x03	; 3
   0007 80                   58 	.db #0x80	; 128
   0008 40                   59 	.db #0x40	; 64
   0009 47                   60 	.db #0x47	; 71	'G'
   000A 89                   61 	.db #0x89	; 137
   000B 80                   62 	.db #0x80	; 128
   000C 40                   63 	.db #0x40	; 64
   000D 47                   64 	.db #0x47	; 71	'G'
   000E 89                   65 	.db #0x89	; 137
   000F 80                   66 	.db #0x80	; 128
   0010 40                   67 	.db #0x40	; 64
   0011 03                   68 	.db #0x03	; 3
   0012 03                   69 	.db #0x03	; 3
   0013 80                   70 	.db #0x80	; 128
   0014 81                   71 	.db #0x81	; 129
   0015 03                   72 	.db #0x03	; 3
   0016 03                   73 	.db #0x03	; 3
   0017 42                   74 	.db #0x42	; 66	'B'
   0018 81                   75 	.db #0x81	; 129
   0019 03                   76 	.db #0x03	; 3
   001A 03                   77 	.db #0x03	; 3
   001B 42                   78 	.db #0x42	; 66	'B'
   001C 81                   79 	.db #0x81	; 129
   001D 42                   80 	.db #0x42	; 66	'B'
   001E 81                   81 	.db #0x81	; 129
   001F 42                   82 	.db #0x42	; 66	'B'
   0020                      83 _sp_player_1:
   0020 00                   84 	.db #0x00	; 0
   0021 C0                   85 	.db #0xc0	; 192
   0022 C0                   86 	.db #0xc0	; 192
   0023 00                   87 	.db #0x00	; 0
   0024 40                   88 	.db #0x40	; 64
   0025 03                   89 	.db #0x03	; 3
   0026 03                   90 	.db #0x03	; 3
   0027 80                   91 	.db #0x80	; 128
   0028 40                   92 	.db #0x40	; 64
   0029 47                   93 	.db #0x47	; 71	'G'
   002A 89                   94 	.db #0x89	; 137
   002B 80                   95 	.db #0x80	; 128
   002C 40                   96 	.db #0x40	; 64
   002D 47                   97 	.db #0x47	; 71	'G'
   002E 89                   98 	.db #0x89	; 137
   002F 80                   99 	.db #0x80	; 128
   0030 40                  100 	.db #0x40	; 64
   0031 03                  101 	.db #0x03	; 3
   0032 03                  102 	.db #0x03	; 3
   0033 80                  103 	.db #0x80	; 128
   0034 81                  104 	.db #0x81	; 129
   0035 03                  105 	.db #0x03	; 3
   0036 03                  106 	.db #0x03	; 3
   0037 42                  107 	.db #0x42	; 66	'B'
   0038 81                  108 	.db #0x81	; 129
   0039 42                  109 	.db #0x42	; 66	'B'
   003A 81                  110 	.db #0x81	; 129
   003B 42                  111 	.db #0x42	; 66	'B'
   003C 81                  112 	.db #0x81	; 129
   003D 42                  113 	.db #0x42	; 66	'B'
   003E 40                  114 	.db #0x40	; 64
   003F 80                  115 	.db #0x80	; 128
   0040                     116 _sp_player_2:
   0040 00                  117 	.db #0x00	; 0
   0041 C0                  118 	.db #0xc0	; 192
   0042 C0                  119 	.db #0xc0	; 192
   0043 00                  120 	.db #0x00	; 0
   0044 40                  121 	.db #0x40	; 64
   0045 03                  122 	.db #0x03	; 3
   0046 03                  123 	.db #0x03	; 3
   0047 80                  124 	.db #0x80	; 128
   0048 40                  125 	.db #0x40	; 64
   0049 47                  126 	.db #0x47	; 71	'G'
   004A 89                  127 	.db #0x89	; 137
   004B 80                  128 	.db #0x80	; 128
   004C 40                  129 	.db #0x40	; 64
   004D 47                  130 	.db #0x47	; 71	'G'
   004E 89                  131 	.db #0x89	; 137
   004F 80                  132 	.db #0x80	; 128
   0050 40                  133 	.db #0x40	; 64
   0051 03                  134 	.db #0x03	; 3
   0052 03                  135 	.db #0x03	; 3
   0053 80                  136 	.db #0x80	; 128
   0054 81                  137 	.db #0x81	; 129
   0055 03                  138 	.db #0x03	; 3
   0056 81                  139 	.db #0x81	; 129
   0057 42                  140 	.db #0x42	; 66	'B'
   0058 81                  141 	.db #0x81	; 129
   0059 42                  142 	.db #0x42	; 66	'B'
   005A 40                  143 	.db #0x40	; 64
   005B 80                  144 	.db #0x80	; 128
   005C 81                  145 	.db #0x81	; 129
   005D 42                  146 	.db #0x42	; 66	'B'
   005E 00                  147 	.db #0x00	; 0
   005F 00                  148 	.db #0x00	; 0
   0060                     149 _sp_player_3:
   0060 00                  150 	.db #0x00	; 0
   0061 C0                  151 	.db #0xc0	; 192
   0062 C0                  152 	.db #0xc0	; 192
   0063 00                  153 	.db #0x00	; 0
   0064 40                  154 	.db #0x40	; 64
   0065 03                  155 	.db #0x03	; 3
   0066 03                  156 	.db #0x03	; 3
   0067 80                  157 	.db #0x80	; 128
   0068 40                  158 	.db #0x40	; 64
   0069 47                  159 	.db #0x47	; 71	'G'
   006A 89                  160 	.db #0x89	; 137
   006B 80                  161 	.db #0x80	; 128
   006C 40                  162 	.db #0x40	; 64
   006D 47                  163 	.db #0x47	; 71	'G'
   006E 89                  164 	.db #0x89	; 137
   006F 80                  165 	.db #0x80	; 128
   0070 40                  166 	.db #0x40	; 64
   0071 03                  167 	.db #0x03	; 3
   0072 03                  168 	.db #0x03	; 3
   0073 80                  169 	.db #0x80	; 128
   0074 81                  170 	.db #0x81	; 129
   0075 03                  171 	.db #0x03	; 3
   0076 03                  172 	.db #0x03	; 3
   0077 42                  173 	.db #0x42	; 66	'B'
   0078 81                  174 	.db #0x81	; 129
   0079 42                  175 	.db #0x42	; 66	'B'
   007A 81                  176 	.db #0x81	; 129
   007B 42                  177 	.db #0x42	; 66	'B'
   007C 40                  178 	.db #0x40	; 64
   007D 80                  179 	.db #0x80	; 128
   007E 81                  180 	.db #0x81	; 129
   007F 42                  181 	.db #0x42	; 66	'B'
   0080                     182 _sp_player_4:
   0080 00                  183 	.db #0x00	; 0
   0081 C0                  184 	.db #0xc0	; 192
   0082 C0                  185 	.db #0xc0	; 192
   0083 00                  186 	.db #0x00	; 0
   0084 40                  187 	.db #0x40	; 64
   0085 03                  188 	.db #0x03	; 3
   0086 03                  189 	.db #0x03	; 3
   0087 80                  190 	.db #0x80	; 128
   0088 40                  191 	.db #0x40	; 64
   0089 47                  192 	.db #0x47	; 71	'G'
   008A 89                  193 	.db #0x89	; 137
   008B 80                  194 	.db #0x80	; 128
   008C 40                  195 	.db #0x40	; 64
   008D 47                  196 	.db #0x47	; 71	'G'
   008E 89                  197 	.db #0x89	; 137
   008F 80                  198 	.db #0x80	; 128
   0090 40                  199 	.db #0x40	; 64
   0091 03                  200 	.db #0x03	; 3
   0092 03                  201 	.db #0x03	; 3
   0093 80                  202 	.db #0x80	; 128
   0094 81                  203 	.db #0x81	; 129
   0095 42                  204 	.db #0x42	; 66	'B'
   0096 03                  205 	.db #0x03	; 3
   0097 42                  206 	.db #0x42	; 66	'B'
   0098 40                  207 	.db #0x40	; 64
   0099 80                  208 	.db #0x80	; 128
   009A 81                  209 	.db #0x81	; 129
   009B 42                  210 	.db #0x42	; 66	'B'
   009C 00                  211 	.db #0x00	; 0
   009D 00                  212 	.db #0x00	; 0
   009E 81                  213 	.db #0x81	; 129
   009F 42                  214 	.db #0x42	; 66	'B'
   00A0                     215 _sp_player_5:
   00A0 00                  216 	.db #0x00	; 0
   00A1 C0                  217 	.db #0xc0	; 192
   00A2 C0                  218 	.db #0xc0	; 192
   00A3 00                  219 	.db #0x00	; 0
   00A4 40                  220 	.db #0x40	; 64
   00A5 03                  221 	.db #0x03	; 3
   00A6 03                  222 	.db #0x03	; 3
   00A7 80                  223 	.db #0x80	; 128
   00A8 40                  224 	.db #0x40	; 64
   00A9 47                  225 	.db #0x47	; 71	'G'
   00AA 89                  226 	.db #0x89	; 137
   00AB 80                  227 	.db #0x80	; 128
   00AC 40                  228 	.db #0x40	; 64
   00AD 47                  229 	.db #0x47	; 71	'G'
   00AE 89                  230 	.db #0x89	; 137
   00AF 80                  231 	.db #0x80	; 128
   00B0 40                  232 	.db #0x40	; 64
   00B1 03                  233 	.db #0x03	; 3
   00B2 03                  234 	.db #0x03	; 3
   00B3 80                  235 	.db #0x80	; 128
   00B4 81                  236 	.db #0x81	; 129
   00B5 03                  237 	.db #0x03	; 3
   00B6 03                  238 	.db #0x03	; 3
   00B7 42                  239 	.db #0x42	; 66	'B'
   00B8 81                  240 	.db #0x81	; 129
   00B9 42                  241 	.db #0x42	; 66	'B'
   00BA 81                  242 	.db #0x81	; 129
   00BB 42                  243 	.db #0x42	; 66	'B'
   00BC 40                  244 	.db #0x40	; 64
   00BD 80                  245 	.db #0x80	; 128
   00BE 40                  246 	.db #0x40	; 64
   00BF 80                  247 	.db #0x80	; 128
   00C0                     248 _sp_player_6:
   00C0 00                  249 	.db #0x00	; 0
   00C1 00                  250 	.db #0x00	; 0
   00C2 00                  251 	.db #0x00	; 0
   00C3 00                  252 	.db #0x00	; 0
   00C4 00                  253 	.db #0x00	; 0
   00C5 C0                  254 	.db #0xc0	; 192
   00C6 C0                  255 	.db #0xc0	; 192
   00C7 00                  256 	.db #0x00	; 0
   00C8 40                  257 	.db #0x40	; 64
   00C9 03                  258 	.db #0x03	; 3
   00CA 03                  259 	.db #0x03	; 3
   00CB 80                  260 	.db #0x80	; 128
   00CC 40                  261 	.db #0x40	; 64
   00CD 47                  262 	.db #0x47	; 71	'G'
   00CE 89                  263 	.db #0x89	; 137
   00CF 80                  264 	.db #0x80	; 128
   00D0 40                  265 	.db #0x40	; 64
   00D1 03                  266 	.db #0x03	; 3
   00D2 03                  267 	.db #0x03	; 3
   00D3 80                  268 	.db #0x80	; 128
   00D4 81                  269 	.db #0x81	; 129
   00D5 42                  270 	.db #0x42	; 66	'B'
   00D6 81                  271 	.db #0x81	; 129
   00D7 42                  272 	.db #0x42	; 66	'B'
   00D8 40                  273 	.db #0x40	; 64
   00D9 80                  274 	.db #0x80	; 128
   00DA 40                  275 	.db #0x40	; 64
   00DB 80                  276 	.db #0x80	; 128
   00DC 00                  277 	.db #0x00	; 0
   00DD 00                  278 	.db #0x00	; 0
   00DE 00                  279 	.db #0x00	; 0
   00DF 00                  280 	.db #0x00	; 0
                            281 	.area _INITIALIZER
                            282 	.area _CABS (ABS)
