                              1 ;--------------------------------------------------------
                              2 ; File Created by SDCC : free open source ANSI-C Compiler
                              3 ; Version 3.6.8 #9946 (Linux)
                              4 ;--------------------------------------------------------
                              5 	.module Animacion_moneda
                              6 	.optsdcc -mz80
                              7 	
                              8 ;--------------------------------------------------------
                              9 ; Public variables in this module
                             10 ;--------------------------------------------------------
                             11 	.globl _sp_coin_3
                             12 	.globl _sp_coin_2
                             13 	.globl _sp_coin_1
                             14 	.globl _sp_coin_0
                             15 ;--------------------------------------------------------
                             16 ; special function registers
                             17 ;--------------------------------------------------------
                             18 ;--------------------------------------------------------
                             19 ; ram data
                             20 ;--------------------------------------------------------
                             21 	.area _DATA
                             22 ;--------------------------------------------------------
                             23 ; ram data
                             24 ;--------------------------------------------------------
                             25 	.area _INITIALIZED
                             26 ;--------------------------------------------------------
                             27 ; absolute external ram data
                             28 ;--------------------------------------------------------
                             29 	.area _DABS (ABS)
                             30 ;--------------------------------------------------------
                             31 ; global & static initialisations
                             32 ;--------------------------------------------------------
                             33 	.area _HOME
                             34 	.area _GSINIT
                             35 	.area _GSFINAL
                             36 	.area _GSINIT
                             37 ;--------------------------------------------------------
                             38 ; Home
                             39 ;--------------------------------------------------------
                             40 	.area _HOME
                             41 	.area _HOME
                             42 ;--------------------------------------------------------
                             43 ; code
                             44 ;--------------------------------------------------------
                             45 	.area _CODE
                             46 	.area _CODE
   0000                      47 _sp_coin_0:
   0000 00                   48 	.db #0x00	; 0
   0001 54                   49 	.db #0x54	; 84	'T'
   0002 FC                   50 	.db #0xfc	; 252
   0003 A8                   51 	.db #0xa8	; 168
   0004 00                   52 	.db #0x00	; 0
   0005 00                   53 	.db #0x00	; 0
   0006 AD                   54 	.db #0xad	; 173
   0007 0F                   55 	.db #0x0f	; 15
   0008 5E                   56 	.db #0x5e	; 94
   0009 00                   57 	.db #0x00	; 0
   000A 54                   58 	.db #0x54	; 84	'T'
   000B 4B                   59 	.db #0x4b	; 75	'K'
   000C 0F                   60 	.db #0x0f	; 15
   000D 0F                   61 	.db #0x0f	; 15
   000E A8                   62 	.db #0xa8	; 168
   000F AD                   63 	.db #0xad	; 173
   0010 C3                   64 	.db #0xc3	; 195
   0011 87                   65 	.db #0x87	; 135
   0012 0F                   66 	.db #0x0f	; 15
   0013 5E                   67 	.db #0x5e	; 94
   0014 AD                   68 	.db #0xad	; 173
   0015 4B                   69 	.db #0x4b	; 75	'K'
   0016 0F                   70 	.db #0x0f	; 15
   0017 0F                   71 	.db #0x0f	; 15
   0018 5E                   72 	.db #0x5e	; 94
   0019 AD                   73 	.db #0xad	; 173
   001A 0F                   74 	.db #0x0f	; 15
   001B 0F                   75 	.db #0x0f	; 15
   001C 0F                   76 	.db #0x0f	; 15
   001D 5E                   77 	.db #0x5e	; 94
   001E AD                   78 	.db #0xad	; 173
   001F 0F                   79 	.db #0x0f	; 15
   0020 0F                   80 	.db #0x0f	; 15
   0021 0F                   81 	.db #0x0f	; 15
   0022 5E                   82 	.db #0x5e	; 94
   0023 54                   83 	.db #0x54	; 84	'T'
   0024 0F                   84 	.db #0x0f	; 15
   0025 0F                   85 	.db #0x0f	; 15
   0026 0F                   86 	.db #0x0f	; 15
   0027 A8                   87 	.db #0xa8	; 168
   0028 00                   88 	.db #0x00	; 0
   0029 AD                   89 	.db #0xad	; 173
   002A 0F                   90 	.db #0x0f	; 15
   002B 5E                   91 	.db #0x5e	; 94
   002C 00                   92 	.db #0x00	; 0
   002D 00                   93 	.db #0x00	; 0
   002E 54                   94 	.db #0x54	; 84	'T'
   002F FC                   95 	.db #0xfc	; 252
   0030 A8                   96 	.db #0xa8	; 168
   0031 00                   97 	.db #0x00	; 0
   0032                      98 _sp_coin_1:
   0032 00                   99 	.db #0x00	; 0
   0033 54                  100 	.db #0x54	; 84	'T'
   0034 FC                  101 	.db #0xfc	; 252
   0035 A8                  102 	.db #0xa8	; 168
   0036 00                  103 	.db #0x00	; 0
   0037 00                  104 	.db #0x00	; 0
   0038 AD                  105 	.db #0xad	; 173
   0039 0F                  106 	.db #0x0f	; 15
   003A 5E                  107 	.db #0x5e	; 94
   003B 00                  108 	.db #0x00	; 0
   003C 00                  109 	.db #0x00	; 0
   003D E9                  110 	.db #0xe9	; 233
   003E 0F                  111 	.db #0x0f	; 15
   003F 5E                  112 	.db #0x5e	; 94
   0040 00                  113 	.db #0x00	; 0
   0041 54                  114 	.db #0x54	; 84	'T'
   0042 C3                  115 	.db #0xc3	; 195
   0043 87                  116 	.db #0x87	; 135
   0044 0F                  117 	.db #0x0f	; 15
   0045 A8                  118 	.db #0xa8	; 168
   0046 54                  119 	.db #0x54	; 84	'T'
   0047 4B                  120 	.db #0x4b	; 75	'K'
   0048 0F                  121 	.db #0x0f	; 15
   0049 0F                  122 	.db #0x0f	; 15
   004A A8                  123 	.db #0xa8	; 168
   004B 54                  124 	.db #0x54	; 84	'T'
   004C 0F                  125 	.db #0x0f	; 15
   004D 0F                  126 	.db #0x0f	; 15
   004E 0F                  127 	.db #0x0f	; 15
   004F A8                  128 	.db #0xa8	; 168
   0050 54                  129 	.db #0x54	; 84	'T'
   0051 0F                  130 	.db #0x0f	; 15
   0052 0F                  131 	.db #0x0f	; 15
   0053 0F                  132 	.db #0x0f	; 15
   0054 A8                  133 	.db #0xa8	; 168
   0055 00                  134 	.db #0x00	; 0
   0056 AD                  135 	.db #0xad	; 173
   0057 0F                  136 	.db #0x0f	; 15
   0058 5E                  137 	.db #0x5e	; 94
   0059 00                  138 	.db #0x00	; 0
   005A 00                  139 	.db #0x00	; 0
   005B AD                  140 	.db #0xad	; 173
   005C 0F                  141 	.db #0x0f	; 15
   005D 5E                  142 	.db #0x5e	; 94
   005E 00                  143 	.db #0x00	; 0
   005F 00                  144 	.db #0x00	; 0
   0060 54                  145 	.db #0x54	; 84	'T'
   0061 FC                  146 	.db #0xfc	; 252
   0062 A8                  147 	.db #0xa8	; 168
   0063 00                  148 	.db #0x00	; 0
   0064                     149 _sp_coin_2:
   0064 00                  150 	.db #0x00	; 0
   0065 00                  151 	.db #0x00	; 0
   0066 FC                  152 	.db #0xfc	; 252
   0067 00                  153 	.db #0x00	; 0
   0068 00                  154 	.db #0x00	; 0
   0069 00                  155 	.db #0x00	; 0
   006A 54                  156 	.db #0x54	; 84	'T'
   006B 0F                  157 	.db #0x0f	; 15
   006C A8                  158 	.db #0xa8	; 168
   006D 00                  159 	.db #0x00	; 0
   006E 00                  160 	.db #0x00	; 0
   006F E9                  161 	.db #0xe9	; 233
   0070 0F                  162 	.db #0x0f	; 15
   0071 5E                  163 	.db #0x5e	; 94
   0072 00                  164 	.db #0x00	; 0
   0073 00                  165 	.db #0x00	; 0
   0074 AD                  166 	.db #0xad	; 173
   0075 0F                  167 	.db #0x0f	; 15
   0076 5E                  168 	.db #0x5e	; 94
   0077 00                  169 	.db #0x00	; 0
   0078 00                  170 	.db #0x00	; 0
   0079 AD                  171 	.db #0xad	; 173
   007A 0F                  172 	.db #0x0f	; 15
   007B 5E                  173 	.db #0x5e	; 94
   007C 00                  174 	.db #0x00	; 0
   007D 00                  175 	.db #0x00	; 0
   007E AD                  176 	.db #0xad	; 173
   007F 0F                  177 	.db #0x0f	; 15
   0080 5E                  178 	.db #0x5e	; 94
   0081 00                  179 	.db #0x00	; 0
   0082 00                  180 	.db #0x00	; 0
   0083 AD                  181 	.db #0xad	; 173
   0084 0F                  182 	.db #0x0f	; 15
   0085 5E                  183 	.db #0x5e	; 94
   0086 00                  184 	.db #0x00	; 0
   0087 00                  185 	.db #0x00	; 0
   0088 AD                  186 	.db #0xad	; 173
   0089 0F                  187 	.db #0x0f	; 15
   008A 5E                  188 	.db #0x5e	; 94
   008B 00                  189 	.db #0x00	; 0
   008C 00                  190 	.db #0x00	; 0
   008D 54                  191 	.db #0x54	; 84	'T'
   008E 0F                  192 	.db #0x0f	; 15
   008F A8                  193 	.db #0xa8	; 168
   0090 00                  194 	.db #0x00	; 0
   0091 00                  195 	.db #0x00	; 0
   0092 00                  196 	.db #0x00	; 0
   0093 FC                  197 	.db #0xfc	; 252
   0094 00                  198 	.db #0x00	; 0
   0095 00                  199 	.db #0x00	; 0
   0096                     200 _sp_coin_3:
   0096 00                  201 	.db #0x00	; 0
   0097 00                  202 	.db #0x00	; 0
   0098 FC                  203 	.db #0xfc	; 252
   0099 00                  204 	.db #0x00	; 0
   009A 00                  205 	.db #0x00	; 0
   009B 00                  206 	.db #0x00	; 0
   009C 54                  207 	.db #0x54	; 84	'T'
   009D 0F                  208 	.db #0x0f	; 15
   009E A8                  209 	.db #0xa8	; 168
   009F 00                  210 	.db #0x00	; 0
   00A0 00                  211 	.db #0x00	; 0
   00A1 54                  212 	.db #0x54	; 84	'T'
   00A2 0F                  213 	.db #0x0f	; 15
   00A3 A8                  214 	.db #0xa8	; 168
   00A4 00                  215 	.db #0x00	; 0
   00A5 00                  216 	.db #0x00	; 0
   00A6 54                  217 	.db #0x54	; 84	'T'
   00A7 0F                  218 	.db #0x0f	; 15
   00A8 A8                  219 	.db #0xa8	; 168
   00A9 00                  220 	.db #0x00	; 0
   00AA 00                  221 	.db #0x00	; 0
   00AB 54                  222 	.db #0x54	; 84	'T'
   00AC 0F                  223 	.db #0x0f	; 15
   00AD A8                  224 	.db #0xa8	; 168
   00AE 00                  225 	.db #0x00	; 0
   00AF 00                  226 	.db #0x00	; 0
   00B0 54                  227 	.db #0x54	; 84	'T'
   00B1 0F                  228 	.db #0x0f	; 15
   00B2 A8                  229 	.db #0xa8	; 168
   00B3 00                  230 	.db #0x00	; 0
   00B4 00                  231 	.db #0x00	; 0
   00B5 54                  232 	.db #0x54	; 84	'T'
   00B6 0F                  233 	.db #0x0f	; 15
   00B7 A8                  234 	.db #0xa8	; 168
   00B8 00                  235 	.db #0x00	; 0
   00B9 00                  236 	.db #0x00	; 0
   00BA 54                  237 	.db #0x54	; 84	'T'
   00BB 0F                  238 	.db #0x0f	; 15
   00BC A8                  239 	.db #0xa8	; 168
   00BD 00                  240 	.db #0x00	; 0
   00BE 00                  241 	.db #0x00	; 0
   00BF 54                  242 	.db #0x54	; 84	'T'
   00C0 0F                  243 	.db #0x0f	; 15
   00C1 A8                  244 	.db #0xa8	; 168
   00C2 00                  245 	.db #0x00	; 0
   00C3 00                  246 	.db #0x00	; 0
   00C4 00                  247 	.db #0x00	; 0
   00C5 FC                  248 	.db #0xfc	; 252
   00C6 00                  249 	.db #0x00	; 0
   00C7 00                  250 	.db #0x00	; 0
                            251 	.area _INITIALIZER
                            252 	.area _CABS (ABS)
