                              1 ;--------------------------------------------------------
                              2 ; File Created by SDCC : free open source ANSI-C Compiler
                              3 ; Version 3.6.8 #9946 (Linux)
                              4 ;--------------------------------------------------------
                              5 	.module Pinchos_der
                              6 	.optsdcc -mz80
                              7 	
                              8 ;--------------------------------------------------------
                              9 ; Public variables in this module
                             10 ;--------------------------------------------------------
                             11 	.globl _sp_spikes_rig
                             12 ;--------------------------------------------------------
                             13 ; special function registers
                             14 ;--------------------------------------------------------
                             15 ;--------------------------------------------------------
                             16 ; ram data
                             17 ;--------------------------------------------------------
                             18 	.area _DATA
                             19 ;--------------------------------------------------------
                             20 ; ram data
                             21 ;--------------------------------------------------------
                             22 	.area _INITIALIZED
                             23 ;--------------------------------------------------------
                             24 ; absolute external ram data
                             25 ;--------------------------------------------------------
                             26 	.area _DABS (ABS)
                             27 ;--------------------------------------------------------
                             28 ; global & static initialisations
                             29 ;--------------------------------------------------------
                             30 	.area _HOME
                             31 	.area _GSINIT
                             32 	.area _GSFINAL
                             33 	.area _GSINIT
                             34 ;--------------------------------------------------------
                             35 ; Home
                             36 ;--------------------------------------------------------
                             37 	.area _HOME
                             38 	.area _HOME
                             39 ;--------------------------------------------------------
                             40 ; code
                             41 ;--------------------------------------------------------
                             42 	.area _CODE
                             43 	.area _CODE
   0000                      44 _sp_spikes_rig:
   0000 00                   45 	.db #0x00	; 0
   0001 00                   46 	.db #0x00	; 0
   0002 40                   47 	.db #0x40	; 64
   0003 00                   48 	.db #0x00	; 0
   0004 40                   49 	.db #0x40	; 64
   0005 C4                   50 	.db #0xc4	; 196
   0006 40                   51 	.db #0x40	; 64
   0007 C4                   52 	.db #0xc4	; 196
   0008 D8                   53 	.db #0xd8	; 216
   0009 C4                   54 	.db #0xc4	; 196
   000A D8                   55 	.db #0xd8	; 216
   000B F0                   56 	.db #0xf0	; 240
   000C 40                   57 	.db #0x40	; 64
   000D D0                   58 	.db #0xd0	; 208
   000E F0                   59 	.db #0xf0	; 240
   000F 00                   60 	.db #0x00	; 0
   0010 40                   61 	.db #0x40	; 64
   0011 D0                   62 	.db #0xd0	; 208
   0012 00                   63 	.db #0x00	; 0
   0013 00                   64 	.db #0x00	; 0
   0014 40                   65 	.db #0x40	; 64
   0015 00                   66 	.db #0x00	; 0
   0016 00                   67 	.db #0x00	; 0
   0017 40                   68 	.db #0x40	; 64
   0018 00                   69 	.db #0x00	; 0
   0019 40                   70 	.db #0x40	; 64
   001A D0                   71 	.db #0xd0	; 208
   001B 40                   72 	.db #0x40	; 64
   001C D0                   73 	.db #0xd0	; 208
   001D E4                   74 	.db #0xe4	; 228
   001E C4                   75 	.db #0xc4	; 196
   001F D8                   76 	.db #0xd8	; 216
   0020 F0                   77 	.db #0xf0	; 240
   0021 40                   78 	.db #0x40	; 64
   0022 D0                   79 	.db #0xd0	; 208
   0023 E4                   80 	.db #0xe4	; 228
   0024 00                   81 	.db #0x00	; 0
   0025 40                   82 	.db #0x40	; 64
   0026 C4                   83 	.db #0xc4	; 196
   0027 00                   84 	.db #0x00	; 0
   0028 00                   85 	.db #0x00	; 0
   0029 40                   86 	.db #0x40	; 64
                             87 	.area _INITIALIZER
                             88 	.area _CABS (ABS)
