                              1 ;--------------------------------------------------------
                              2 ; File Created by SDCC : free open source ANSI-C Compiler
                              3 ; Version 3.6.8 #9946 (Linux)
                              4 ;--------------------------------------------------------
                              5 	.module Pinchos
                              6 	.optsdcc -mz80
                              7 	
                              8 ;--------------------------------------------------------
                              9 ; Public variables in this module
                             10 ;--------------------------------------------------------
                             11 	.globl _sp_spikes
                             12 ;--------------------------------------------------------
                             13 ; special function registers
                             14 ;--------------------------------------------------------
                             15 ;--------------------------------------------------------
                             16 ; ram data
                             17 ;--------------------------------------------------------
                             18 	.area _DATA
                             19 ;--------------------------------------------------------
                             20 ; ram data
                             21 ;--------------------------------------------------------
                             22 	.area _INITIALIZED
                             23 ;--------------------------------------------------------
                             24 ; absolute external ram data
                             25 ;--------------------------------------------------------
                             26 	.area _DABS (ABS)
                             27 ;--------------------------------------------------------
                             28 ; global & static initialisations
                             29 ;--------------------------------------------------------
                             30 	.area _HOME
                             31 	.area _GSINIT
                             32 	.area _GSFINAL
                             33 	.area _GSINIT
                             34 ;--------------------------------------------------------
                             35 ; Home
                             36 ;--------------------------------------------------------
                             37 	.area _HOME
                             38 	.area _HOME
                             39 ;--------------------------------------------------------
                             40 ; code
                             41 ;--------------------------------------------------------
                             42 	.area _CODE
                             43 	.area _CODE
   0000                      44 _sp_spikes:
   0000 00                   45 	.db #0x00	; 0
   0001 40                   46 	.db #0x40	; 64
   0002 00                   47 	.db #0x00	; 0
   0003 00                   48 	.db #0x00	; 0
   0004 00                   49 	.db #0x00	; 0
   0005 80                   50 	.db #0x80	; 128
   0006 00                   51 	.db #0x00	; 0
   0007 00                   52 	.db #0x00	; 0
   0008 C4                   53 	.db #0xc4	; 196
   0009 80                   54 	.db #0x80	; 128
   000A 00                   55 	.db #0x00	; 0
   000B 40                   56 	.db #0x40	; 64
   000C C8                   57 	.db #0xc8	; 200
   000D 00                   58 	.db #0x00	; 0
   000E 00                   59 	.db #0x00	; 0
   000F C4                   60 	.db #0xc4	; 196
   0010 80                   61 	.db #0x80	; 128
   0011 00                   62 	.db #0x00	; 0
   0012 40                   63 	.db #0x40	; 64
   0013 C8                   64 	.db #0xc8	; 200
   0014 00                   65 	.db #0x00	; 0
   0015 40                   66 	.db #0x40	; 64
   0016 F0                   67 	.db #0xf0	; 240
   0017 E0                   68 	.db #0xe0	; 224
   0018 00                   69 	.db #0x00	; 0
   0019 D0                   70 	.db #0xd0	; 208
   001A E4                   71 	.db #0xe4	; 228
   001B 80                   72 	.db #0x80	; 128
   001C 40                   73 	.db #0x40	; 64
   001D F0                   74 	.db #0xf0	; 240
   001E E0                   75 	.db #0xe0	; 224
   001F 00                   76 	.db #0x00	; 0
   0020 D0                   77 	.db #0xd0	; 208
   0021 E4                   78 	.db #0xe4	; 228
   0022 80                   79 	.db #0x80	; 128
   0023 C4                   80 	.db #0xc4	; 196
   0024 D8                   81 	.db #0xd8	; 216
   0025 D8                   82 	.db #0xd8	; 216
   0026 C0                   83 	.db #0xc0	; 192
   0027 F0                   84 	.db #0xf0	; 240
   0028 F0                   85 	.db #0xf0	; 240
   0029 C8                   86 	.db #0xc8	; 200
                             87 	.area _INITIALIZER
                             88 	.area _CABS (ABS)
