                              1 ;--------------------------------------------------------
                              2 ; File Created by SDCC : free open source ANSI-C Compiler
                              3 ; Version 3.6.8 #9946 (Linux)
                              4 ;--------------------------------------------------------
                              5 	.module Pinchos_arr
                              6 	.optsdcc -mz80
                              7 	
                              8 ;--------------------------------------------------------
                              9 ; Public variables in this module
                             10 ;--------------------------------------------------------
                             11 	.globl _sp_spikes_up
                             12 ;--------------------------------------------------------
                             13 ; special function registers
                             14 ;--------------------------------------------------------
                             15 ;--------------------------------------------------------
                             16 ; ram data
                             17 ;--------------------------------------------------------
                             18 	.area _DATA
                             19 ;--------------------------------------------------------
                             20 ; ram data
                             21 ;--------------------------------------------------------
                             22 	.area _INITIALIZED
                             23 ;--------------------------------------------------------
                             24 ; absolute external ram data
                             25 ;--------------------------------------------------------
                             26 	.area _DABS (ABS)
                             27 ;--------------------------------------------------------
                             28 ; global & static initialisations
                             29 ;--------------------------------------------------------
                             30 	.area _HOME
                             31 	.area _GSINIT
                             32 	.area _GSFINAL
                             33 	.area _GSINIT
                             34 ;--------------------------------------------------------
                             35 ; Home
                             36 ;--------------------------------------------------------
                             37 	.area _HOME
                             38 	.area _HOME
                             39 ;--------------------------------------------------------
                             40 ; code
                             41 ;--------------------------------------------------------
                             42 	.area _CODE
                             43 	.area _CODE
   0000                      44 _sp_spikes_up:
   0000 C4                   45 	.db #0xc4	; 196
   0001 D8                   46 	.db #0xd8	; 216
   0002 D8                   47 	.db #0xd8	; 216
   0003 C0                   48 	.db #0xc0	; 192
   0004 F0                   49 	.db #0xf0	; 240
   0005 F0                   50 	.db #0xf0	; 240
   0006 C8                   51 	.db #0xc8	; 200
   0007 40                   52 	.db #0x40	; 64
   0008 F0                   53 	.db #0xf0	; 240
   0009 E0                   54 	.db #0xe0	; 224
   000A 00                   55 	.db #0x00	; 0
   000B D0                   56 	.db #0xd0	; 208
   000C E4                   57 	.db #0xe4	; 228
   000D 80                   58 	.db #0x80	; 128
   000E 40                   59 	.db #0x40	; 64
   000F F0                   60 	.db #0xf0	; 240
   0010 E0                   61 	.db #0xe0	; 224
   0011 00                   62 	.db #0x00	; 0
   0012 D0                   63 	.db #0xd0	; 208
   0013 E4                   64 	.db #0xe4	; 228
   0014 80                   65 	.db #0x80	; 128
   0015 00                   66 	.db #0x00	; 0
   0016 C4                   67 	.db #0xc4	; 196
   0017 80                   68 	.db #0x80	; 128
   0018 00                   69 	.db #0x00	; 0
   0019 40                   70 	.db #0x40	; 64
   001A C8                   71 	.db #0xc8	; 200
   001B 00                   72 	.db #0x00	; 0
   001C 00                   73 	.db #0x00	; 0
   001D C4                   74 	.db #0xc4	; 196
   001E 80                   75 	.db #0x80	; 128
   001F 00                   76 	.db #0x00	; 0
   0020 40                   77 	.db #0x40	; 64
   0021 C8                   78 	.db #0xc8	; 200
   0022 00                   79 	.db #0x00	; 0
   0023 00                   80 	.db #0x00	; 0
   0024 40                   81 	.db #0x40	; 64
   0025 00                   82 	.db #0x00	; 0
   0026 00                   83 	.db #0x00	; 0
   0027 00                   84 	.db #0x00	; 0
   0028 80                   85 	.db #0x80	; 128
   0029 00                   86 	.db #0x00	; 0
                             87 	.area _INITIALIZER
                             88 	.area _CABS (ABS)
