                              1 ;--------------------------------------------------------
                              2 ; File Created by SDCC : free open source ANSI-C Compiler
                              3 ; Version 3.6.8 #9946 (Linux)
                              4 ;--------------------------------------------------------
                              5 	.module Pinchos_izq
                              6 	.optsdcc -mz80
                              7 	
                              8 ;--------------------------------------------------------
                              9 ; Public variables in this module
                             10 ;--------------------------------------------------------
                             11 	.globl _sp_spikes_lef
                             12 ;--------------------------------------------------------
                             13 ; special function registers
                             14 ;--------------------------------------------------------
                             15 ;--------------------------------------------------------
                             16 ; ram data
                             17 ;--------------------------------------------------------
                             18 	.area _DATA
                             19 ;--------------------------------------------------------
                             20 ; ram data
                             21 ;--------------------------------------------------------
                             22 	.area _INITIALIZED
                             23 ;--------------------------------------------------------
                             24 ; absolute external ram data
                             25 ;--------------------------------------------------------
                             26 	.area _DABS (ABS)
                             27 ;--------------------------------------------------------
                             28 ; global & static initialisations
                             29 ;--------------------------------------------------------
                             30 	.area _HOME
                             31 	.area _GSINIT
                             32 	.area _GSFINAL
                             33 	.area _GSINIT
                             34 ;--------------------------------------------------------
                             35 ; Home
                             36 ;--------------------------------------------------------
                             37 	.area _HOME
                             38 	.area _HOME
                             39 ;--------------------------------------------------------
                             40 ; code
                             41 ;--------------------------------------------------------
                             42 	.area _CODE
                             43 	.area _CODE
   0000                      44 _sp_spikes_lef:
   0000 80                   45 	.db #0x80	; 128
   0001 00                   46 	.db #0x00	; 0
   0002 00                   47 	.db #0x00	; 0
   0003 C8                   48 	.db #0xc8	; 200
   0004 80                   49 	.db #0x80	; 128
   0005 00                   50 	.db #0x00	; 0
   0006 E4                   51 	.db #0xe4	; 228
   0007 C8                   52 	.db #0xc8	; 200
   0008 80                   53 	.db #0x80	; 128
   0009 F0                   54 	.db #0xf0	; 240
   000A E4                   55 	.db #0xe4	; 228
   000B C8                   56 	.db #0xc8	; 200
   000C F0                   57 	.db #0xf0	; 240
   000D E0                   58 	.db #0xe0	; 224
   000E 80                   59 	.db #0x80	; 128
   000F E0                   60 	.db #0xe0	; 224
   0010 80                   61 	.db #0x80	; 128
   0011 00                   62 	.db #0x00	; 0
   0012 80                   63 	.db #0x80	; 128
   0013 00                   64 	.db #0x00	; 0
   0014 00                   65 	.db #0x00	; 0
   0015 80                   66 	.db #0x80	; 128
   0016 00                   67 	.db #0x00	; 0
   0017 00                   68 	.db #0x00	; 0
   0018 E0                   69 	.db #0xe0	; 224
   0019 80                   70 	.db #0x80	; 128
   001A 00                   71 	.db #0x00	; 0
   001B D8                   72 	.db #0xd8	; 216
   001C E0                   73 	.db #0xe0	; 224
   001D 80                   74 	.db #0x80	; 128
   001E F0                   75 	.db #0xf0	; 240
   001F E4                   76 	.db #0xe4	; 228
   0020 C8                   77 	.db #0xc8	; 200
   0021 D8                   78 	.db #0xd8	; 216
   0022 E0                   79 	.db #0xe0	; 224
   0023 80                   80 	.db #0x80	; 128
   0024 C8                   81 	.db #0xc8	; 200
   0025 80                   82 	.db #0x80	; 128
   0026 00                   83 	.db #0x00	; 0
   0027 80                   84 	.db #0x80	; 128
   0028 00                   85 	.db #0x00	; 0
   0029 00                   86 	.db #0x00	; 0
                             87 	.area _INITIALIZER
                             88 	.area _CABS (ABS)
