ASxxxx Assembler V02.00 + NoICE + SDCC mods  (Zilog Z80 / Hitachi HD64180), page 1.
Hexadecimal [16-Bits]



                              1 ;;;
                              2 ;;; File generated by cpct_aks2c CPCtelera script
                              3 ;;; Souce file of this conversion: assets/music/Musica.aks
                              4 ;;; Generation time: sáb 28 ene 2023 11:49:59 CET
                              5 ;;;
                              6 
                              7 ;;; Set absolute memory addressing
                              8 .area __musica (ABS)
   0250                       9 .org 0x0250
                             10 
                             11 ;;; Music data start (149 bytes)
                             12 ;;;
   0250                      13 _musica::
   0250 41 54 31 30 01 40    14 .db 0x41, 0x54, 0x31, 0x30, 0x01, 0x40, 0x42, 0x0f, 0x02, 0x06, 0x21, 0x00, 0x60, 0x02, 0x69, 0x02
        42 0F 02 06 21 00
        60 02 69 02
   0260 00 00 00 00 00 00    15 .db 0x00, 0x00, 0x00, 0x00, 0x00, 0x00, 0x0d, 0x62, 0x02, 0x01, 0x00, 0x3c, 0x38, 0x34, 0x30, 0x2c
        0D 62 02 01 00 3C
        38 34 30 2C
   0270 28 24 20 1C 18 14    16 .db 0x28, 0x24, 0x20, 0x1c, 0x18, 0x14, 0x10, 0x0c, 0x08, 0x04, 0x0d, 0x62, 0x02, 0x50, 0x00, 0x00
        10 0C 08 04 0D 62
        02 50 00 00
   0280 00 8D 02 00 E0 02    17 .db 0x00, 0x8d, 0x02, 0x00, 0xe0, 0x02, 0x8e, 0x02, 0xe0, 0x02, 0x01, 0x83, 0x02, 0x00, 0x8e, 0xe0
        8E 02 E0 02 01 83
        02 00 8E E0
   0290 00 00 01 02 5D 02    18 .db 0x00, 0x00, 0x01, 0x02, 0x5d, 0x02, 0x5d, 0x5d, 0x02, 0x59, 0x5d, 0x02, 0x55, 0x53, 0x59, 0x02
        5D 5D 02 59 5D 02
        55 53 59 02
   02A0 5D 4F 04 4B 02 59    19 .db 0x5d, 0x4f, 0x04, 0x4b, 0x02, 0x59, 0x02, 0x59, 0x59, 0x02, 0x55, 0x59, 0x02, 0x53, 0x4f, 0x55
        02 59 59 02 55 59
        02 53 4F 55
   02B0 02 59 4B 04 4F 02    20 .db 0x02, 0x59, 0x4b, 0x04, 0x4f, 0x02, 0x59, 0x02, 0x59, 0x59, 0x02, 0x55, 0x59, 0x02, 0x4b, 0x02
        59 02 59 59 02 55
        59 02 4B 02
   02C0 55 02 55 55 02 53    21 .db 0x55, 0x02, 0x55, 0x55, 0x02, 0x53, 0x55, 0x02, 0x4b, 0x02, 0x53, 0x02, 0x53, 0x53, 0x02, 0x4b
        55 02 4B 02 53 02
        53 53 02 4B
   02D0 02 55 02 55 55 02    22 .db 0x02, 0x55, 0x02, 0x55, 0x55, 0x02, 0x4f, 0x02, 0x59, 0x02, 0x59, 0x59, 0x02, 0x55, 0x59, 0x5d
        4F 02 59 02 59 59
        02 55 59 5D
   02E0 42 80 00 00 00       23 .db 0x42, 0x80, 0x00, 0x00, 0x00
